<?xml version="1.0" encoding="UTF-8"?>
<robot generator="Robot 5.0.1 (Python 3.7.5 on win32)" generated="20220714 10:59:35.944" rpa="true" schemaversion="3">
<suite id="s1" name="Tasks" source="c:\Robocorp Automation\Robocorp Practice\tasks.robot">
<test id="s1-t1" name="Nest loops" line="108">
<kw name="Create List" library="BuiltIn">
<var>@{alphabets}</var>
<arg>a</arg>
<arg>b</arg>
<arg>c</arg>
<doc>Returns a list containing given items.</doc>
<msg timestamp="20220714 10:59:35.978" level="INFO">@{alphabets} = [ a | b | c ]</msg>
<status status="PASS" starttime="20220714 10:59:35.977" endtime="20220714 10:59:35.985"/>
</kw>
<kw name="Log To Console" library="BuiltIn">
<arg>${alphabets}</arg>
<doc>Logs the given message to the console.</doc>
<status status="PASS" starttime="20220714 10:59:35.987" endtime="20220714 10:59:35.987"/>
</kw>
<kw name="Create List" library="BuiltIn">
<var>@{numbers}</var>
<arg>${1}</arg>
<arg>${2}</arg>
<arg>${3}</arg>
<doc>Returns a list containing given items.</doc>
<msg timestamp="20220714 10:59:35.988" level="INFO">@{numbers} = [ 1 | 2 | 3 ]</msg>
<status status="PASS" starttime="20220714 10:59:35.987" endtime="20220714 10:59:35.988"/>
</kw>
<kw name="Log To Console" library="BuiltIn">
<arg>${numbers}</arg>
<doc>Logs the given message to the console.</doc>
<status status="PASS" starttime="20220714 10:59:35.989" endtime="20220714 10:59:35.989"/>
</kw>
<for flavor="IN">
<var>${number}</var>
<value>@{numbers}</value>
<iter>
<var name="${number}">1</var>
<for flavor="IN">
<var>${alphabet}</var>
<value>@{alphabets}</value>
<iter>
<var name="${alphabet}">a</var>
<kw name="Log To Console" library="BuiltIn">
<arg>${number}${alphabet}</arg>
<doc>Logs the given message to the console.</doc>
<status status="PASS" starttime="20220714 10:59:35.990" endtime="20220714 10:59:35.990"/>
</kw>
<status status="PASS" starttime="20220714 10:59:35.990" endtime="20220714 10:59:35.991"/>
</iter>
<iter>
<var name="${alphabet}">b</var>
<kw name="Log To Console" library="BuiltIn">
<arg>${number}${alphabet}</arg>
<doc>Logs the given message to the console.</doc>
<status status="PASS" starttime="20220714 10:59:35.991" endtime="20220714 10:59:35.991"/>
</kw>
<status status="PASS" starttime="20220714 10:59:35.991" endtime="20220714 10:59:35.991"/>
</iter>
<iter>
<var name="${alphabet}">c</var>
<kw name="Log To Console" library="BuiltIn">
<arg>${number}${alphabet}</arg>
<doc>Logs the given message to the console.</doc>
<status status="PASS" starttime="20220714 10:59:35.992" endtime="20220714 10:59:35.992"/>
</kw>
<status status="PASS" starttime="20220714 10:59:35.991" endtime="20220714 10:59:35.992"/>
</iter>
<status status="PASS" starttime="20220714 10:59:35.990" endtime="20220714 10:59:35.992"/>
</for>
<status status="PASS" starttime="20220714 10:59:35.990" endtime="20220714 10:59:35.992"/>
</iter>
<iter>
<var name="${number}">2</var>
<for flavor="IN">
<var>${alphabet}</var>
<value>@{alphabets}</value>
<iter>
<var name="${alphabet}">a</var>
<kw name="Log To Console" library="BuiltIn">
<arg>${number}${alphabet}</arg>
<doc>Logs the given message to the console.</doc>
<status status="PASS" starttime="20220714 10:59:35.993" endtime="20220714 10:59:35.993"/>
</kw>
<status status="PASS" starttime="20220714 10:59:35.992" endtime="20220714 10:59:35.993"/>
</iter>
<iter>
<var name="${alphabet}">b</var>
<kw name="Log To Console" library="BuiltIn">
<arg>${number}${alphabet}</arg>
<doc>Logs the given message to the console.</doc>
<status status="PASS" starttime="20220714 10:59:35.993" endtime="20220714 10:59:35.994"/>
</kw>
<status status="PASS" starttime="20220714 10:59:35.993" endtime="20220714 10:59:35.994"/>
</iter>
<iter>
<var name="${alphabet}">c</var>
<kw name="Log To Console" library="BuiltIn">
<arg>${number}${alphabet}</arg>
<doc>Logs the given message to the console.</doc>
<status status="PASS" starttime="20220714 10:59:35.994" endtime="20220714 10:59:35.994"/>
</kw>
<status status="PASS" starttime="20220714 10:59:35.994" endtime="20220714 10:59:35.994"/>
</iter>
<status status="PASS" starttime="20220714 10:59:35.992" endtime="20220714 10:59:35.994"/>
</for>
<status status="PASS" starttime="20220714 10:59:35.992" endtime="20220714 10:59:35.994"/>
</iter>
<iter>
<var name="${number}">3</var>
<for flavor="IN">
<var>${alphabet}</var>
<value>@{alphabets}</value>
<iter>
<var name="${alphabet}">a</var>
<kw name="Log To Console" library="BuiltIn">
<arg>${number}${alphabet}</arg>
<doc>Logs the given message to the console.</doc>
<status status="PASS" starttime="20220714 10:59:35.995" endtime="20220714 10:59:35.995"/>
</kw>
<status status="PASS" starttime="20220714 10:59:35.995" endtime="20220714 10:59:35.995"/>
</iter>
<iter>
<var name="${alphabet}">b</var>
<kw name="Log To Console" library="BuiltIn">
<arg>${number}${alphabet}</arg>
<doc>Logs the given message to the console.</doc>
<status status="PASS" starttime="20220714 10:59:35.996" endtime="20220714 10:59:35.997"/>
</kw>
<status status="PASS" starttime="20220714 10:59:35.996" endtime="20220714 10:59:35.997"/>
</iter>
<iter>
<var name="${alphabet}">c</var>
<kw name="Log To Console" library="BuiltIn">
<arg>${number}${alphabet}</arg>
<doc>Logs the given message to the console.</doc>
<status status="PASS" starttime="20220714 10:59:35.997" endtime="20220714 10:59:35.998"/>
</kw>
<status status="PASS" starttime="20220714 10:59:35.997" endtime="20220714 10:59:35.998"/>
</iter>
<status status="PASS" starttime="20220714 10:59:35.995" endtime="20220714 10:59:35.998"/>
</for>
<status status="PASS" starttime="20220714 10:59:35.994" endtime="20220714 10:59:35.998"/>
</iter>
<status status="PASS" starttime="20220714 10:59:35.990" endtime="20220714 10:59:35.998"/>
</for>
<status status="PASS" starttime="20220714 10:59:35.977" endtime="20220714 10:59:35.999"/>
</test>
<doc>practice project</doc>
<status status="PASS" starttime="20220714 10:59:35.948" endtime="20220714 10:59:36.001"/>
</suite>
<statistics>
<total>
<stat pass="1" fail="0" skip="0">All Tasks</stat>
</total>
<tag>
</tag>
<suite>
<stat pass="1" fail="0" skip="0" id="s1" name="Tasks">Tasks</stat>
</suite>
</statistics>
<errors>
</errors>
</robot>
