<?xml version="1.0" encoding="UTF-8"?>
<robot generator="Robot 5.0.1 (Python 3.7.5 on win32)" generated="20220714 10:41:08.116" rpa="true" schemaversion="3">
<suite id="s1" name="Tasks" source="c:\Robocorp Automation\Robocorp Practice\tasks.robot">
<test id="s1-t1" name="Call keywords with a varying number of arguments" line="30">
<kw name="A keyword without arguments">
<kw name="Log" library="BuiltIn">
<arg>No arguments.</arg>
<doc>Logs the given message with the given level.</doc>
<msg timestamp="20220714 10:41:08.193" level="INFO">No arguments.</msg>
<status status="PASS" starttime="20220714 10:41:08.192" endtime="20220714 10:41:08.194"/>
</kw>
<status status="PASS" starttime="20220714 10:41:08.191" endtime="20220714 10:41:08.195"/>
</kw>
<kw name="A keyword with a required argument">
<arg>Argument</arg>
<kw name="Log" library="BuiltIn">
<arg>Required argument: ${argument}</arg>
<doc>Logs the given message with the given level.</doc>
<msg timestamp="20220714 10:41:08.198" level="INFO">Required argument: Argument</msg>
<status status="PASS" starttime="20220714 10:41:08.197" endtime="20220714 10:41:08.198"/>
</kw>
<status status="PASS" starttime="20220714 10:41:08.196" endtime="20220714 10:41:08.199"/>
</kw>
<kw name="A keyword with a required argument">
<arg>argument=Argument</arg>
<kw name="Log" library="BuiltIn">
<arg>Required argument: ${argument}</arg>
<doc>Logs the given message with the given level.</doc>
<msg timestamp="20220714 10:41:08.201" level="INFO">Required argument: Argument</msg>
<status status="PASS" starttime="20220714 10:41:08.200" endtime="20220714 10:41:08.201"/>
</kw>
<status status="PASS" starttime="20220714 10:41:08.199" endtime="20220714 10:41:08.202"/>
</kw>
<kw name="A keyword with an optional argument">
<kw name="Log" library="BuiltIn">
<arg>Optional argument: ${argument}</arg>
<doc>Logs the given message with the given level.</doc>
<msg timestamp="20220714 10:41:08.204" level="INFO">Optional argument: Default value</msg>
<status status="PASS" starttime="20220714 10:41:08.203" endtime="20220714 10:41:08.204"/>
</kw>
<status status="PASS" starttime="20220714 10:41:08.202" endtime="20220714 10:41:08.205"/>
</kw>
<kw name="A keyword with an optional argument">
<arg>Argument</arg>
<kw name="Log" library="BuiltIn">
<arg>Optional argument: ${argument}</arg>
<doc>Logs the given message with the given level.</doc>
<msg timestamp="20220714 10:41:08.206" level="INFO">Optional argument: Argument</msg>
<status status="PASS" starttime="20220714 10:41:08.206" endtime="20220714 10:41:08.207"/>
</kw>
<status status="PASS" starttime="20220714 10:41:08.205" endtime="20220714 10:41:08.207"/>
</kw>
<kw name="A keyword with an optional argument">
<arg>argument=Argument</arg>
<kw name="Log" library="BuiltIn">
<arg>Optional argument: ${argument}</arg>
<doc>Logs the given message with the given level.</doc>
<msg timestamp="20220714 10:41:08.211" level="INFO">Optional argument: Argument</msg>
<status status="PASS" starttime="20220714 10:41:08.210" endtime="20220714 10:41:08.211"/>
</kw>
<status status="PASS" starttime="20220714 10:41:08.209" endtime="20220714 10:41:08.212"/>
</kw>
<kw name="A keyword with any number of arguments">
<kw name="Log" library="BuiltIn">
<arg>Any number of arguments: @{varargs}</arg>
<doc>Logs the given message with the given level.</doc>
<msg timestamp="20220714 10:41:08.215" level="INFO">Any number of arguments: []</msg>
<status status="PASS" starttime="20220714 10:41:08.214" endtime="20220714 10:41:08.216"/>
</kw>
<status status="PASS" starttime="20220714 10:41:08.213" endtime="20220714 10:41:08.217"/>
</kw>
<kw name="A keyword with any number of arguments">
<arg>arg1</arg>
<arg>arg2</arg>
<arg>arg3</arg>
<arg>arg4</arg>
<arg>arg5</arg>
<kw name="Log" library="BuiltIn">
<arg>Any number of arguments: @{varargs}</arg>
<doc>Logs the given message with the given level.</doc>
<msg timestamp="20220714 10:41:08.221" level="INFO">Any number of arguments: ['arg1', 'arg2', 'arg3', 'arg4', 'arg5']</msg>
<status status="PASS" starttime="20220714 10:41:08.220" endtime="20220714 10:41:08.221"/>
</kw>
<status status="PASS" starttime="20220714 10:41:08.218" endtime="20220714 10:41:08.221"/>
</kw>
<kw name="A keyword with one or more arguments">
<arg>arg1</arg>
<kw name="Log" library="BuiltIn">
<arg>One or more arguments: ${argument} @{varargs}</arg>
<doc>Logs the given message with the given level.</doc>
<msg timestamp="20220714 10:41:08.225" level="INFO">One or more arguments: arg1 []</msg>
<status status="PASS" starttime="20220714 10:41:08.224" endtime="20220714 10:41:08.225"/>
</kw>
<status status="PASS" starttime="20220714 10:41:08.222" endtime="20220714 10:41:08.226"/>
</kw>
<kw name="A keyword with one or more arguments">
<arg>arg1</arg>
<arg>arg2</arg>
<arg>arg3</arg>
<kw name="Log" library="BuiltIn">
<arg>One or more arguments: ${argument} @{varargs}</arg>
<doc>Logs the given message with the given level.</doc>
<msg timestamp="20220714 10:41:08.230" level="INFO">One or more arguments: arg1 ['arg2', 'arg3']</msg>
<status status="PASS" starttime="20220714 10:41:08.229" endtime="20220714 10:41:08.230"/>
</kw>
<status status="PASS" starttime="20220714 10:41:08.228" endtime="20220714 10:41:08.231"/>
</kw>
<status status="PASS" starttime="20220714 10:41:08.188" endtime="20220714 10:41:08.232"/>
</test>
<test id="s1-t2" name="Call a keyword that returns a value" line="42">
<kw name="A keyword that returns a value">
<var>${value}</var>
<return>
<value>Return value</value>
<status status="PASS" starttime="20220714 10:41:08.237" endtime="20220714 10:41:08.238"/>
</return>
<msg timestamp="20220714 10:41:08.239" level="INFO">${value} = Return value</msg>
<status status="PASS" starttime="20220714 10:41:08.235" endtime="20220714 10:41:08.239"/>
</kw>
<kw name="Log To Console" library="BuiltIn">
<arg>${value}</arg>
<doc>Logs the given message to the console.</doc>
<status status="PASS" starttime="20220714 10:41:08.240" endtime="20220714 10:41:08.241"/>
</kw>
<status status="PASS" starttime="20220714 10:41:08.233" endtime="20220714 10:41:08.243"/>
</test>
<test id="s1-t3" name="Do conditional IF - ELSE IF - ELSE execution" line="46">
<if>
<branch type="IF" condition="${NUMBER} &gt; 1">
<kw name="Log To Console" library="BuiltIn">
<arg>Greater than one.</arg>
<doc>Logs the given message to the console.</doc>
<status status="NOT RUN" starttime="20220714 10:41:08.247" endtime="20220714 10:41:08.247"/>
</kw>
<status status="NOT RUN" starttime="20220714 10:41:08.246" endtime="20220714 10:41:08.247"/>
</branch>
<branch type="ELSE IF" condition="&quot;${STRING}&quot; == &quot;dog&quot;">
<kw name="Log To Console" library="BuiltIn">
<arg>It's a dog!</arg>
<doc>Logs the given message to the console.</doc>
<status status="NOT RUN" starttime="20220714 10:41:08.248" endtime="20220714 10:41:08.249"/>
</kw>
<status status="NOT RUN" starttime="20220714 10:41:08.248" endtime="20220714 10:41:08.249"/>
</branch>
<branch type="ELSE">
<kw name="Log To Console" library="BuiltIn">
<arg>Probably a cat.</arg>
<doc>Logs the given message to the console.</doc>
<status status="PASS" starttime="20220714 10:41:08.250" endtime="20220714 10:41:08.250"/>
</kw>
<status status="PASS" starttime="20220714 10:41:08.249" endtime="20220714 10:41:08.251"/>
</branch>
<status status="PASS" starttime="20220714 10:41:08.246" endtime="20220714 10:41:08.251"/>
</if>
<status status="PASS" starttime="20220714 10:41:08.244" endtime="20220714 10:41:08.252"/>
</test>
<test id="s1-t4" name="Loop a list" line="55">
<kw name="Log To Console" library="BuiltIn">
<arg>${LIST}</arg>
<doc>Logs the given message to the console.</doc>
<status status="PASS" starttime="20220714 10:41:08.255" endtime="20220714 10:41:08.257"/>
</kw>
<for flavor="IN">
<var>${item}</var>
<value>@{LIST}</value>
<iter>
<var name="${item}">one</var>
<kw name="Log To Console" library="BuiltIn">
<arg>${item}</arg>
<doc>Logs the given message to the console.</doc>
<status status="PASS" starttime="20220714 10:41:08.261" endtime="20220714 10:41:08.262"/>
</kw>
<status status="PASS" starttime="20220714 10:41:08.261" endtime="20220714 10:41:08.263"/>
</iter>
<iter>
<var name="${item}">two</var>
<kw name="Log To Console" library="BuiltIn">
<arg>${item}</arg>
<doc>Logs the given message to the console.</doc>
<status status="PASS" starttime="20220714 10:41:08.264" endtime="20220714 10:41:08.265"/>
</kw>
<status status="PASS" starttime="20220714 10:41:08.263" endtime="20220714 10:41:08.265"/>
</iter>
<iter>
<var name="${item}">three</var>
<kw name="Log To Console" library="BuiltIn">
<arg>${item}</arg>
<doc>Logs the given message to the console.</doc>
<status status="PASS" starttime="20220714 10:41:08.266" endtime="20220714 10:41:08.266"/>
</kw>
<status status="PASS" starttime="20220714 10:41:08.265" endtime="20220714 10:41:08.267"/>
</iter>
<status status="PASS" starttime="20220714 10:41:08.260" endtime="20220714 10:41:08.267"/>
</for>
<for flavor="IN">
<var>${item}</var>
<value>one</value>
<value>two</value>
<value>three</value>
<iter>
<var name="${item}">one</var>
<kw name="Log To Console" library="BuiltIn">
<arg>${item}</arg>
<doc>Logs the given message to the console.</doc>
<status status="PASS" starttime="20220714 10:41:08.269" endtime="20220714 10:41:08.270"/>
</kw>
<status status="PASS" starttime="20220714 10:41:08.268" endtime="20220714 10:41:08.270"/>
</iter>
<iter>
<var name="${item}">two</var>
<kw name="Log To Console" library="BuiltIn">
<arg>${item}</arg>
<doc>Logs the given message to the console.</doc>
<status status="PASS" starttime="20220714 10:41:08.272" endtime="20220714 10:41:08.273"/>
</kw>
<status status="PASS" starttime="20220714 10:41:08.271" endtime="20220714 10:41:08.273"/>
</iter>
<iter>
<var name="${item}">three</var>
<kw name="Log To Console" library="BuiltIn">
<arg>${item}</arg>
<doc>Logs the given message to the console.</doc>
<status status="PASS" starttime="20220714 10:41:08.274" endtime="20220714 10:41:08.276"/>
</kw>
<status status="PASS" starttime="20220714 10:41:08.274" endtime="20220714 10:41:08.276"/>
</iter>
<status status="PASS" starttime="20220714 10:41:08.268" endtime="20220714 10:41:08.277"/>
</for>
<status status="PASS" starttime="20220714 10:41:08.253" endtime="20220714 10:41:08.278"/>
</test>
<test id="s1-t5" name="Loop a dictionary" line="64">
<kw name="Log To Console" library="BuiltIn">
<arg>${DICTIONARY}</arg>
<doc>Logs the given message to the console.</doc>
<status status="PASS" starttime="20220714 10:41:08.281" endtime="20220714 10:41:08.282"/>
</kw>
<for flavor="IN">
<var>${key_value_tuple}</var>
<value>&amp;{DICTIONARY}</value>
<iter>
<var name="${key_value_tuple}">('string', 'cat')</var>
<kw name="Log To Console" library="BuiltIn">
<arg>${key_value_tuple}</arg>
<doc>Logs the given message to the console.</doc>
<status status="PASS" starttime="20220714 10:41:08.284" endtime="20220714 10:41:08.285"/>
</kw>
<status status="PASS" starttime="20220714 10:41:08.283" endtime="20220714 10:41:08.286"/>
</iter>
<iter>
<var name="${key_value_tuple}">('number', 1)</var>
<kw name="Log To Console" library="BuiltIn">
<arg>${key_value_tuple}</arg>
<doc>Logs the given message to the console.</doc>
<status status="PASS" starttime="20220714 10:41:08.287" endtime="20220714 10:41:08.289"/>
</kw>
<status status="PASS" starttime="20220714 10:41:08.287" endtime="20220714 10:41:08.289"/>
</iter>
<iter>
<var name="${key_value_tuple}">('list', ['one', 'two', 'three'])</var>
<kw name="Log To Console" library="BuiltIn">
<arg>${key_value_tuple}</arg>
<doc>Logs the given message to the console.</doc>
<status status="PASS" starttime="20220714 10:41:08.290" endtime="20220714 10:41:08.290"/>
</kw>
<status status="PASS" starttime="20220714 10:41:08.289" endtime="20220714 10:41:08.291"/>
</iter>
<status status="PASS" starttime="20220714 10:41:08.283" endtime="20220714 10:41:08.291"/>
</for>
<for flavor="IN">
<var>${key}</var>
<value>@{DICTIONARY}</value>
<iter>
<var name="${key}">string</var>
<kw name="Log To Console" library="BuiltIn">
<arg>${key}=${DICTIONARY}[${key}]</arg>
<doc>Logs the given message to the console.</doc>
<status status="PASS" starttime="20220714 10:41:08.294" endtime="20220714 10:41:08.296"/>
</kw>
<status status="PASS" starttime="20220714 10:41:08.293" endtime="20220714 10:41:08.296"/>
</iter>
<iter>
<var name="${key}">number</var>
<kw name="Log To Console" library="BuiltIn">
<arg>${key}=${DICTIONARY}[${key}]</arg>
<doc>Logs the given message to the console.</doc>
<status status="PASS" starttime="20220714 10:41:08.297" endtime="20220714 10:41:08.298"/>
</kw>
<status status="PASS" starttime="20220714 10:41:08.296" endtime="20220714 10:41:08.298"/>
</iter>
<iter>
<var name="${key}">list</var>
<kw name="Log To Console" library="BuiltIn">
<arg>${key}=${DICTIONARY}[${key}]</arg>
<doc>Logs the given message to the console.</doc>
<status status="PASS" starttime="20220714 10:41:08.299" endtime="20220714 10:41:08.301"/>
</kw>
<status status="PASS" starttime="20220714 10:41:08.299" endtime="20220714 10:41:08.301"/>
</iter>
<status status="PASS" starttime="20220714 10:41:08.292" endtime="20220714 10:41:08.302"/>
</for>
<status status="PASS" starttime="20220714 10:41:08.280" endtime="20220714 10:41:08.303"/>
</test>
<test id="s1-t6" name="Loop a dictionary 2" line="76">
<kw name="Log To Console" library="BuiltIn">
<arg>${DICT_STUDENTS}</arg>
<doc>Logs the given message to the console.</doc>
<status status="PASS" starttime="20220714 10:41:08.307" endtime="20220714 10:41:08.328"/>
</kw>
<for flavor="IN">
<var>${item}</var>
<value>&amp;{DICT_STUDENTS}</value>
<iter>
<var name="${item}">('key1', 'Hello World!')</var>
<kw name="Log To Console" library="BuiltIn">
<arg>${item}</arg>
<doc>Logs the given message to the console.</doc>
<status status="PASS" starttime="20220714 10:41:08.331" endtime="20220714 10:41:08.332"/>
</kw>
<kw name="Log To Console" library="BuiltIn">
<arg>${item}[0] ${item}[1]</arg>
<doc>Logs the given message to the console.</doc>
<status status="PASS" starttime="20220714 10:41:08.333" endtime="20220714 10:41:08.334"/>
</kw>
<status status="PASS" starttime="20220714 10:41:08.330" endtime="20220714 10:41:08.336"/>
</iter>
<iter>
<var name="${item}">('key2', '12')</var>
<kw name="Log To Console" library="BuiltIn">
<arg>${item}</arg>
<doc>Logs the given message to the console.</doc>
<status status="PASS" starttime="20220714 10:41:08.338" endtime="20220714 10:41:08.340"/>
</kw>
<kw name="Log To Console" library="BuiltIn">
<arg>${item}[0] ${item}[1]</arg>
<doc>Logs the given message to the console.</doc>
<status status="PASS" starttime="20220714 10:41:08.341" endtime="20220714 10:41:08.343"/>
</kw>
<status status="PASS" starttime="20220714 10:41:08.337" endtime="20220714 10:41:08.343"/>
</iter>
<iter>
<var name="${item}">('key3', ['mango', 'apple', 'grapes'])</var>
<kw name="Log To Console" library="BuiltIn">
<arg>${item}</arg>
<doc>Logs the given message to the console.</doc>
<status status="PASS" starttime="20220714 10:41:08.345" endtime="20220714 10:41:08.346"/>
</kw>
<kw name="Log To Console" library="BuiltIn">
<arg>${item}[0] ${item}[1]</arg>
<doc>Logs the given message to the console.</doc>
<status status="PASS" starttime="20220714 10:41:08.347" endtime="20220714 10:41:08.349"/>
</kw>
<status status="PASS" starttime="20220714 10:41:08.344" endtime="20220714 10:41:08.349"/>
</iter>
<status status="PASS" starttime="20220714 10:41:08.330" endtime="20220714 10:41:08.350"/>
</for>
<kw name="Log To Console" library="BuiltIn">
<arg>==========================================</arg>
<doc>Logs the given message to the console.</doc>
<status status="PASS" starttime="20220714 10:41:08.352" endtime="20220714 10:41:08.354"/>
</kw>
<for flavor="IN">
<var>${value}</var>
<value>@{DICT_STUDENTS}</value>
<iter>
<var name="${value}">key1</var>
<kw name="Log To Console" library="BuiltIn">
<arg>${value}: ${DICT_STUDENTS}[${value}]</arg>
<doc>Logs the given message to the console.</doc>
<status status="PASS" starttime="20220714 10:41:08.356" endtime="20220714 10:41:08.358"/>
</kw>
<status status="PASS" starttime="20220714 10:41:08.356" endtime="20220714 10:41:08.358"/>
</iter>
<iter>
<var name="${value}">key2</var>
<kw name="Log To Console" library="BuiltIn">
<arg>${value}: ${DICT_STUDENTS}[${value}]</arg>
<doc>Logs the given message to the console.</doc>
<status status="PASS" starttime="20220714 10:41:08.359" endtime="20220714 10:41:08.361"/>
</kw>
<status status="PASS" starttime="20220714 10:41:08.359" endtime="20220714 10:41:08.361"/>
</iter>
<iter>
<var name="${value}">key3</var>
<kw name="Log To Console" library="BuiltIn">
<arg>${value}: ${DICT_STUDENTS}[${value}]</arg>
<doc>Logs the given message to the console.</doc>
<status status="PASS" starttime="20220714 10:41:08.362" endtime="20220714 10:41:08.363"/>
</kw>
<status status="PASS" starttime="20220714 10:41:08.361" endtime="20220714 10:41:08.364"/>
</iter>
<status status="PASS" starttime="20220714 10:41:08.355" endtime="20220714 10:41:08.364"/>
</for>
<status status="PASS" starttime="20220714 10:41:08.305" endtime="20220714 10:41:08.365"/>
</test>
<test id="s1-t7" name="Loop a range from 0 to end index" line="93">
<for flavor="IN RANGE">
<var>${index}</var>
<value>10</value>
<iter>
<var name="${index}">0</var>
<kw name="Log To Console" library="BuiltIn">
<arg>${index}</arg>
<doc>Logs the given message to the console.</doc>
<status status="PASS" starttime="20220714 10:41:08.370" endtime="20220714 10:41:08.371"/>
</kw>
<status status="PASS" starttime="20220714 10:41:08.370" endtime="20220714 10:41:08.372"/>
</iter>
<iter>
<var name="${index}">1</var>
<kw name="Log To Console" library="BuiltIn">
<arg>${index}</arg>
<doc>Logs the given message to the console.</doc>
<status status="PASS" starttime="20220714 10:41:08.373" endtime="20220714 10:41:08.375"/>
</kw>
<status status="PASS" starttime="20220714 10:41:08.372" endtime="20220714 10:41:08.375"/>
</iter>
<iter>
<var name="${index}">2</var>
<kw name="Log To Console" library="BuiltIn">
<arg>${index}</arg>
<doc>Logs the given message to the console.</doc>
<status status="PASS" starttime="20220714 10:41:08.376" endtime="20220714 10:41:08.377"/>
</kw>
<status status="PASS" starttime="20220714 10:41:08.375" endtime="20220714 10:41:08.377"/>
</iter>
<iter>
<var name="${index}">3</var>
<kw name="Log To Console" library="BuiltIn">
<arg>${index}</arg>
<doc>Logs the given message to the console.</doc>
<status status="PASS" starttime="20220714 10:41:08.378" endtime="20220714 10:41:08.379"/>
</kw>
<status status="PASS" starttime="20220714 10:41:08.377" endtime="20220714 10:41:08.379"/>
</iter>
<iter>
<var name="${index}">4</var>
<kw name="Log To Console" library="BuiltIn">
<arg>${index}</arg>
<doc>Logs the given message to the console.</doc>
<status status="PASS" starttime="20220714 10:41:08.381" endtime="20220714 10:41:08.382"/>
</kw>
<status status="PASS" starttime="20220714 10:41:08.380" endtime="20220714 10:41:08.382"/>
</iter>
<iter>
<var name="${index}">5</var>
<kw name="Log To Console" library="BuiltIn">
<arg>${index}</arg>
<doc>Logs the given message to the console.</doc>
<status status="PASS" starttime="20220714 10:41:08.383" endtime="20220714 10:41:08.384"/>
</kw>
<status status="PASS" starttime="20220714 10:41:08.382" endtime="20220714 10:41:08.384"/>
</iter>
<iter>
<var name="${index}">6</var>
<kw name="Log To Console" library="BuiltIn">
<arg>${index}</arg>
<doc>Logs the given message to the console.</doc>
<status status="PASS" starttime="20220714 10:41:08.386" endtime="20220714 10:41:08.387"/>
</kw>
<status status="PASS" starttime="20220714 10:41:08.385" endtime="20220714 10:41:08.387"/>
</iter>
<iter>
<var name="${index}">7</var>
<kw name="Log To Console" library="BuiltIn">
<arg>${index}</arg>
<doc>Logs the given message to the console.</doc>
<status status="PASS" starttime="20220714 10:41:08.388" endtime="20220714 10:41:08.389"/>
</kw>
<status status="PASS" starttime="20220714 10:41:08.388" endtime="20220714 10:41:08.390"/>
</iter>
<iter>
<var name="${index}">8</var>
<kw name="Log To Console" library="BuiltIn">
<arg>${index}</arg>
<doc>Logs the given message to the console.</doc>
<status status="PASS" starttime="20220714 10:41:08.391" endtime="20220714 10:41:08.392"/>
</kw>
<status status="PASS" starttime="20220714 10:41:08.390" endtime="20220714 10:41:08.392"/>
</iter>
<iter>
<var name="${index}">9</var>
<kw name="Log To Console" library="BuiltIn">
<arg>${index}</arg>
<doc>Logs the given message to the console.</doc>
<status status="PASS" starttime="20220714 10:41:08.393" endtime="20220714 10:41:08.394"/>
</kw>
<status status="PASS" starttime="20220714 10:41:08.393" endtime="20220714 10:41:08.394"/>
</iter>
<status status="PASS" starttime="20220714 10:41:08.369" endtime="20220714 10:41:08.395"/>
</for>
<status status="PASS" starttime="20220714 10:41:08.366" endtime="20220714 10:41:08.395"/>
</test>
<test id="s1-t8" name="Loop a range from start to end index" line="98">
<for flavor="IN RANGE">
<var>${index}</var>
<value>1</value>
<value>10</value>
<iter>
<var name="${index}">1</var>
<kw name="Log To Console" library="BuiltIn">
<arg>${index}</arg>
<doc>Logs the given message to the console.</doc>
<status status="PASS" starttime="20220714 10:41:08.400" endtime="20220714 10:41:08.401"/>
</kw>
<status status="PASS" starttime="20220714 10:41:08.399" endtime="20220714 10:41:08.402"/>
</iter>
<iter>
<var name="${index}">2</var>
<kw name="Log To Console" library="BuiltIn">
<arg>${index}</arg>
<doc>Logs the given message to the console.</doc>
<status status="PASS" starttime="20220714 10:41:08.404" endtime="20220714 10:41:08.406"/>
</kw>
<status status="PASS" starttime="20220714 10:41:08.402" endtime="20220714 10:41:08.406"/>
</iter>
<iter>
<var name="${index}">3</var>
<kw name="Log To Console" library="BuiltIn">
<arg>${index}</arg>
<doc>Logs the given message to the console.</doc>
<status status="PASS" starttime="20220714 10:41:08.407" endtime="20220714 10:41:08.408"/>
</kw>
<status status="PASS" starttime="20220714 10:41:08.406" endtime="20220714 10:41:08.408"/>
</iter>
<iter>
<var name="${index}">4</var>
<kw name="Log To Console" library="BuiltIn">
<arg>${index}</arg>
<doc>Logs the given message to the console.</doc>
<status status="PASS" starttime="20220714 10:41:08.409" endtime="20220714 10:41:08.410"/>
</kw>
<status status="PASS" starttime="20220714 10:41:08.409" endtime="20220714 10:41:08.411"/>
</iter>
<iter>
<var name="${index}">5</var>
<kw name="Log To Console" library="BuiltIn">
<arg>${index}</arg>
<doc>Logs the given message to the console.</doc>
<status status="PASS" starttime="20220714 10:41:08.411" endtime="20220714 10:41:08.412"/>
</kw>
<status status="PASS" starttime="20220714 10:41:08.411" endtime="20220714 10:41:08.413"/>
</iter>
<iter>
<var name="${index}">6</var>
<kw name="Log To Console" library="BuiltIn">
<arg>${index}</arg>
<doc>Logs the given message to the console.</doc>
<status status="PASS" starttime="20220714 10:41:08.414" endtime="20220714 10:41:08.415"/>
</kw>
<status status="PASS" starttime="20220714 10:41:08.413" endtime="20220714 10:41:08.415"/>
</iter>
<iter>
<var name="${index}">7</var>
<kw name="Log To Console" library="BuiltIn">
<arg>${index}</arg>
<doc>Logs the given message to the console.</doc>
<status status="PASS" starttime="20220714 10:41:08.416" endtime="20220714 10:41:08.417"/>
</kw>
<status status="PASS" starttime="20220714 10:41:08.415" endtime="20220714 10:41:08.417"/>
</iter>
<iter>
<var name="${index}">8</var>
<kw name="Log To Console" library="BuiltIn">
<arg>${index}</arg>
<doc>Logs the given message to the console.</doc>
<status status="PASS" starttime="20220714 10:41:08.420" endtime="20220714 10:41:08.423"/>
</kw>
<status status="PASS" starttime="20220714 10:41:08.419" endtime="20220714 10:41:08.424"/>
</iter>
<iter>
<var name="${index}">9</var>
<kw name="Log To Console" library="BuiltIn">
<arg>${index}</arg>
<doc>Logs the given message to the console.</doc>
<status status="PASS" starttime="20220714 10:41:08.425" endtime="20220714 10:41:08.426"/>
</kw>
<status status="PASS" starttime="20220714 10:41:08.425" endtime="20220714 10:41:08.426"/>
</iter>
<status status="PASS" starttime="20220714 10:41:08.399" endtime="20220714 10:41:08.427"/>
</for>
<status status="PASS" starttime="20220714 10:41:08.397" endtime="20220714 10:41:08.428"/>
</test>
<test id="s1-t9" name="Loop a range from start to end index with steps" line="103">
<for flavor="IN RANGE">
<var>${index}</var>
<value>0</value>
<value>10</value>
<value>2</value>
<iter>
<var name="${index}">0</var>
<kw name="Log To Console" library="BuiltIn">
<arg>${index}</arg>
<doc>Logs the given message to the console.</doc>
<status status="PASS" starttime="20220714 10:41:08.432" endtime="20220714 10:41:08.434"/>
</kw>
<status status="PASS" starttime="20220714 10:41:08.432" endtime="20220714 10:41:08.435"/>
</iter>
<iter>
<var name="${index}">2</var>
<kw name="Log To Console" library="BuiltIn">
<arg>${index}</arg>
<doc>Logs the given message to the console.</doc>
<status status="PASS" starttime="20220714 10:41:08.437" endtime="20220714 10:41:08.438"/>
</kw>
<status status="PASS" starttime="20220714 10:41:08.436" endtime="20220714 10:41:08.438"/>
</iter>
<iter>
<var name="${index}">4</var>
<kw name="Log To Console" library="BuiltIn">
<arg>${index}</arg>
<doc>Logs the given message to the console.</doc>
<status status="PASS" starttime="20220714 10:41:08.440" endtime="20220714 10:41:08.441"/>
</kw>
<status status="PASS" starttime="20220714 10:41:08.439" endtime="20220714 10:41:08.443"/>
</iter>
<iter>
<var name="${index}">6</var>
<kw name="Log To Console" library="BuiltIn">
<arg>${index}</arg>
<doc>Logs the given message to the console.</doc>
<status status="PASS" starttime="20220714 10:41:08.444" endtime="20220714 10:41:08.445"/>
</kw>
<status status="PASS" starttime="20220714 10:41:08.443" endtime="20220714 10:41:08.445"/>
</iter>
<iter>
<var name="${index}">8</var>
<kw name="Log To Console" library="BuiltIn">
<arg>${index}</arg>
<doc>Logs the given message to the console.</doc>
<status status="PASS" starttime="20220714 10:41:08.446" endtime="20220714 10:41:08.447"/>
</kw>
<status status="PASS" starttime="20220714 10:41:08.446" endtime="20220714 10:41:08.448"/>
</iter>
<status status="PASS" starttime="20220714 10:41:08.431" endtime="20220714 10:41:08.448"/>
</for>
<status status="PASS" starttime="20220714 10:41:08.429" endtime="20220714 10:41:08.449"/>
</test>
<test id="s1-t10" name="Nest loops" line="108">
<kw name="Create List" library="BuiltIn">
<var>@{alphabets}</var>
<arg>a</arg>
<arg>b</arg>
<arg>c</arg>
<doc>Returns a list containing given items.</doc>
<msg timestamp="20220714 10:41:08.454" level="INFO">@{alphabets} = [ a | b | c ]</msg>
<status status="PASS" starttime="20220714 10:41:08.453" endtime="20220714 10:41:08.454"/>
</kw>
<kw name="Log To Console" library="BuiltIn">
<arg>${alphabets}</arg>
<doc>Logs the given message to the console.</doc>
<status status="PASS" starttime="20220714 10:41:08.455" endtime="20220714 10:41:08.456"/>
</kw>
<kw name="Create List" library="BuiltIn">
<var>@{numbers}</var>
<arg>${1}</arg>
<arg>${2}</arg>
<arg>${3}</arg>
<doc>Returns a list containing given items.</doc>
<msg timestamp="20220714 10:41:08.460" level="INFO">@{numbers} = [ 1 | 2 | 3 ]</msg>
<status status="PASS" starttime="20220714 10:41:08.457" endtime="20220714 10:41:08.460"/>
</kw>
<kw name="Log To Console" library="BuiltIn">
<arg>${numbers}</arg>
<doc>Logs the given message to the console.</doc>
<status status="PASS" starttime="20220714 10:41:08.461" endtime="20220714 10:41:08.462"/>
</kw>
<for flavor="IN">
<var>${alphabet}</var>
<value>@{alphabets}</value>
<iter>
<var name="${alphabet}">a</var>
<for flavor="IN">
<var>${number}</var>
<value>@{numbers}</value>
<iter>
<var name="${number}">1</var>
<kw name="Log To Console" library="BuiltIn">
<arg>${alphabet}${number}</arg>
<doc>Logs the given message to the console.</doc>
<status status="PASS" starttime="20220714 10:41:08.465" endtime="20220714 10:41:08.466"/>
</kw>
<status status="PASS" starttime="20220714 10:41:08.464" endtime="20220714 10:41:08.466"/>
</iter>
<iter>
<var name="${number}">2</var>
<kw name="Log To Console" library="BuiltIn">
<arg>${alphabet}${number}</arg>
<doc>Logs the given message to the console.</doc>
<status status="PASS" starttime="20220714 10:41:08.468" endtime="20220714 10:41:08.470"/>
</kw>
<status status="PASS" starttime="20220714 10:41:08.467" endtime="20220714 10:41:08.471"/>
</iter>
<iter>
<var name="${number}">3</var>
<kw name="Log To Console" library="BuiltIn">
<arg>${alphabet}${number}</arg>
<doc>Logs the given message to the console.</doc>
<status status="PASS" starttime="20220714 10:41:08.473" endtime="20220714 10:41:08.474"/>
</kw>
<status status="PASS" starttime="20220714 10:41:08.471" endtime="20220714 10:41:08.474"/>
</iter>
<status status="PASS" starttime="20220714 10:41:08.464" endtime="20220714 10:41:08.475"/>
</for>
<status status="PASS" starttime="20220714 10:41:08.463" endtime="20220714 10:41:08.475"/>
</iter>
<iter>
<var name="${alphabet}">b</var>
<for flavor="IN">
<var>${number}</var>
<value>@{numbers}</value>
<iter>
<var name="${number}">1</var>
<kw name="Log To Console" library="BuiltIn">
<arg>${alphabet}${number}</arg>
<doc>Logs the given message to the console.</doc>
<status status="PASS" starttime="20220714 10:41:08.477" endtime="20220714 10:41:08.478"/>
</kw>
<status status="PASS" starttime="20220714 10:41:08.476" endtime="20220714 10:41:08.478"/>
</iter>
<iter>
<var name="${number}">2</var>
<kw name="Log To Console" library="BuiltIn">
<arg>${alphabet}${number}</arg>
<doc>Logs the given message to the console.</doc>
<status status="PASS" starttime="20220714 10:41:08.479" endtime="20220714 10:41:08.480"/>
</kw>
<status status="PASS" starttime="20220714 10:41:08.479" endtime="20220714 10:41:08.481"/>
</iter>
<iter>
<var name="${number}">3</var>
<kw name="Log To Console" library="BuiltIn">
<arg>${alphabet}${number}</arg>
<doc>Logs the given message to the console.</doc>
<status status="PASS" starttime="20220714 10:41:08.481" endtime="20220714 10:41:08.482"/>
</kw>
<status status="PASS" starttime="20220714 10:41:08.481" endtime="20220714 10:41:08.483"/>
</iter>
<status status="PASS" starttime="20220714 10:41:08.476" endtime="20220714 10:41:08.483"/>
</for>
<status status="PASS" starttime="20220714 10:41:08.475" endtime="20220714 10:41:08.483"/>
</iter>
<iter>
<var name="${alphabet}">c</var>
<for flavor="IN">
<var>${number}</var>
<value>@{numbers}</value>
<iter>
<var name="${number}">1</var>
<kw name="Log To Console" library="BuiltIn">
<arg>${alphabet}${number}</arg>
<doc>Logs the given message to the console.</doc>
<status status="PASS" starttime="20220714 10:41:08.487" endtime="20220714 10:41:08.489"/>
</kw>
<status status="PASS" starttime="20220714 10:41:08.486" endtime="20220714 10:41:08.489"/>
</iter>
<iter>
<var name="${number}">2</var>
<kw name="Log To Console" library="BuiltIn">
<arg>${alphabet}${number}</arg>
<doc>Logs the given message to the console.</doc>
<status status="PASS" starttime="20220714 10:41:08.490" endtime="20220714 10:41:08.491"/>
</kw>
<status status="PASS" starttime="20220714 10:41:08.490" endtime="20220714 10:41:08.492"/>
</iter>
<iter>
<var name="${number}">3</var>
<kw name="Log To Console" library="BuiltIn">
<arg>${alphabet}${number}</arg>
<doc>Logs the given message to the console.</doc>
<status status="PASS" starttime="20220714 10:41:08.493" endtime="20220714 10:41:08.494"/>
</kw>
<status status="PASS" starttime="20220714 10:41:08.492" endtime="20220714 10:41:08.494"/>
</iter>
<status status="PASS" starttime="20220714 10:41:08.485" endtime="20220714 10:41:08.494"/>
</for>
<status status="PASS" starttime="20220714 10:41:08.484" endtime="20220714 10:41:08.495"/>
</iter>
<status status="PASS" starttime="20220714 10:41:08.463" endtime="20220714 10:41:08.495"/>
</for>
<status status="PASS" starttime="20220714 10:41:08.451" endtime="20220714 10:41:08.496"/>
</test>
<test id="s1-t11" name="Exit a loop on condition" line="120">
<for flavor="IN RANGE">
<var>${i}</var>
<value>5</value>
<iter>
<var name="${i}">0</var>
<if>
<branch type="IF" condition="${i} == 2">
<break>
<status status="NOT RUN" starttime="20220714 10:41:08.501" endtime="20220714 10:41:08.501"/>
</break>
<status status="NOT RUN" starttime="20220714 10:41:08.500" endtime="20220714 10:41:08.502"/>
</branch>
<status status="PASS" starttime="20220714 10:41:08.500" endtime="20220714 10:41:08.502"/>
</if>
<kw name="Log To Console" library="BuiltIn">
<arg>${i}</arg>
<doc>Logs the given message to the console.</doc>
<status status="PASS" starttime="20220714 10:41:08.502" endtime="20220714 10:41:08.503"/>
</kw>
<status status="PASS" starttime="20220714 10:41:08.499" endtime="20220714 10:41:08.504"/>
</iter>
<iter>
<var name="${i}">1</var>
<if>
<branch type="IF" condition="${i} == 2">
<break>
<status status="NOT RUN" starttime="20220714 10:41:08.505" endtime="20220714 10:41:08.507"/>
</break>
<status status="NOT RUN" starttime="20220714 10:41:08.505" endtime="20220714 10:41:08.507"/>
</branch>
<status status="PASS" starttime="20220714 10:41:08.505" endtime="20220714 10:41:08.507"/>
</if>
<kw name="Log To Console" library="BuiltIn">
<arg>${i}</arg>
<doc>Logs the given message to the console.</doc>
<status status="PASS" starttime="20220714 10:41:08.508" endtime="20220714 10:41:08.511"/>
</kw>
<status status="PASS" starttime="20220714 10:41:08.504" endtime="20220714 10:41:08.511"/>
</iter>
<iter>
<var name="${i}">2</var>
<if>
<branch type="IF" condition="${i} == 2">
<break>
<status status="PASS" starttime="20220714 10:41:08.514" endtime="20220714 10:41:08.515"/>
</break>
<status status="PASS" starttime="20220714 10:41:08.513" endtime="20220714 10:41:08.515"/>
</branch>
<status status="PASS" starttime="20220714 10:41:08.513" endtime="20220714 10:41:08.516"/>
</if>
<kw name="Log To Console" library="BuiltIn">
<arg>${i}</arg>
<doc>Logs the given message to the console.</doc>
<status status="NOT RUN" starttime="20220714 10:41:08.520" endtime="20220714 10:41:08.520"/>
</kw>
<status status="PASS" starttime="20220714 10:41:08.512" endtime="20220714 10:41:08.521"/>
</iter>
<status status="PASS" starttime="20220714 10:41:08.499" endtime="20220714 10:41:08.522"/>
</for>
<status status="PASS" starttime="20220714 10:41:08.497" endtime="20220714 10:41:08.528"/>
</test>
<test id="s1-t12" name="Continue a loop from the next iteration on condition" line="126">
<for flavor="IN RANGE">
<var>${i}</var>
<value>3</value>
<iter>
<var name="${i}">0</var>
<if>
<branch type="IF" condition="${i} == 1">
<continue>
<status status="NOT RUN" starttime="20220714 10:41:08.536" endtime="20220714 10:41:08.537"/>
</continue>
<status status="NOT RUN" starttime="20220714 10:41:08.536" endtime="20220714 10:41:08.538"/>
</branch>
<status status="PASS" starttime="20220714 10:41:08.536" endtime="20220714 10:41:08.538"/>
</if>
<kw name="Log" library="BuiltIn">
<arg>${i}</arg>
<doc>Logs the given message with the given level.</doc>
<msg timestamp="20220714 10:41:08.540" level="INFO">0</msg>
<status status="PASS" starttime="20220714 10:41:08.539" endtime="20220714 10:41:08.541"/>
</kw>
<status status="PASS" starttime="20220714 10:41:08.535" endtime="20220714 10:41:08.541"/>
</iter>
<iter>
<var name="${i}">1</var>
<if>
<branch type="IF" condition="${i} == 1">
<continue>
<status status="PASS" starttime="20220714 10:41:08.544" endtime="20220714 10:41:08.544"/>
</continue>
<status status="PASS" starttime="20220714 10:41:08.543" endtime="20220714 10:41:08.545"/>
</branch>
<status status="PASS" starttime="20220714 10:41:08.543" endtime="20220714 10:41:08.545"/>
</if>
<kw name="Log" library="BuiltIn">
<arg>${i}</arg>
<doc>Logs the given message with the given level.</doc>
<status status="NOT RUN" starttime="20220714 10:41:08.545" endtime="20220714 10:41:08.546"/>
</kw>
<status status="PASS" starttime="20220714 10:41:08.542" endtime="20220714 10:41:08.546"/>
</iter>
<iter>
<var name="${i}">2</var>
<if>
<branch type="IF" condition="${i} == 1">
<continue>
<status status="NOT RUN" starttime="20220714 10:41:08.548" endtime="20220714 10:41:08.548"/>
</continue>
<status status="NOT RUN" starttime="20220714 10:41:08.547" endtime="20220714 10:41:08.548"/>
</branch>
<status status="PASS" starttime="20220714 10:41:08.547" endtime="20220714 10:41:08.549"/>
</if>
<kw name="Log" library="BuiltIn">
<arg>${i}</arg>
<doc>Logs the given message with the given level.</doc>
<msg timestamp="20220714 10:41:08.551" level="INFO">2</msg>
<status status="PASS" starttime="20220714 10:41:08.550" endtime="20220714 10:41:08.551"/>
</kw>
<status status="PASS" starttime="20220714 10:41:08.546" endtime="20220714 10:41:08.552"/>
</iter>
<status status="PASS" starttime="20220714 10:41:08.534" endtime="20220714 10:41:08.552"/>
</for>
<status status="PASS" starttime="20220714 10:41:08.530" endtime="20220714 10:41:08.553"/>
</test>
<test id="s1-t13" name="Create a scalar variable" line="132">
<kw name="Set Variable" library="BuiltIn">
<var>${animal}</var>
<arg>dog</arg>
<doc>Returns the given values which can then be assigned to a variables.</doc>
<msg timestamp="20220714 10:41:08.559" level="INFO">${animal} = dog</msg>
<status status="PASS" starttime="20220714 10:41:08.558" endtime="20220714 10:41:08.559"/>
</kw>
<kw name="Log" library="BuiltIn">
<arg>${animal}</arg>
<doc>Logs the given message with the given level.</doc>
<msg timestamp="20220714 10:41:08.561" level="INFO">dog</msg>
<status status="PASS" starttime="20220714 10:41:08.560" endtime="20220714 10:41:08.561"/>
</kw>
<kw name="Log" library="BuiltIn">
<arg>${animal}[0]</arg>
<doc>Logs the given message with the given level.</doc>
<msg timestamp="20220714 10:41:08.562" level="INFO">d</msg>
<status status="PASS" starttime="20220714 10:41:08.562" endtime="20220714 10:41:08.563"/>
</kw>
<kw name="Log" library="BuiltIn">
<arg>${animal}[-1]</arg>
<doc>Logs the given message with the given level.</doc>
<msg timestamp="20220714 10:41:08.564" level="INFO">g</msg>
<status status="PASS" starttime="20220714 10:41:08.563" endtime="20220714 10:41:08.564"/>
</kw>
<status status="PASS" starttime="20220714 10:41:08.556" endtime="20220714 10:41:08.565"/>
</test>
<test id="s1-t14" name="Create a number variable" line="138">
<kw name="Set Variable" library="BuiltIn">
<var>${π}</var>
<arg>${3.14}</arg>
<doc>Returns the given values which can then be assigned to a variables.</doc>
<msg timestamp="20220714 10:41:08.571" level="INFO">${π} = 3.14</msg>
<status status="PASS" starttime="20220714 10:41:08.569" endtime="20220714 10:41:08.571"/>
</kw>
<kw name="Log" library="BuiltIn">
<arg>${π}</arg>
<doc>Logs the given message with the given level.</doc>
<msg timestamp="20220714 10:41:08.573" level="INFO">3.14</msg>
<status status="PASS" starttime="20220714 10:41:08.572" endtime="20220714 10:41:08.574"/>
</kw>
<status status="PASS" starttime="20220714 10:41:08.567" endtime="20220714 10:41:08.575"/>
</test>
<test id="s1-t15" name="Create a list variable" line="142">
<kw name="Create List" library="BuiltIn">
<var>@{animals}</var>
<arg>dog</arg>
<arg>cat</arg>
<arg>bear</arg>
<doc>Returns a list containing given items.</doc>
<msg timestamp="20220714 10:41:08.579" level="INFO">@{animals} = [ dog | cat | bear ]</msg>
<status status="PASS" starttime="20220714 10:41:08.578" endtime="20220714 10:41:08.579"/>
</kw>
<kw name="Log" library="BuiltIn">
<arg>${animals}</arg>
<doc>Logs the given message with the given level.</doc>
<msg timestamp="20220714 10:41:08.581" level="INFO">['dog', 'cat', 'bear']</msg>
<status status="PASS" starttime="20220714 10:41:08.580" endtime="20220714 10:41:08.581"/>
</kw>
<kw name="Log" library="BuiltIn">
<arg>${animals}[0]</arg>
<doc>Logs the given message with the given level.</doc>
<msg timestamp="20220714 10:41:08.582" level="INFO">dog</msg>
<status status="PASS" starttime="20220714 10:41:08.582" endtime="20220714 10:41:08.583"/>
</kw>
<kw name="Log" library="BuiltIn">
<arg>${animals}[-1]</arg>
<doc>Logs the given message with the given level.</doc>
<msg timestamp="20220714 10:41:08.586" level="INFO">bear</msg>
<status status="PASS" starttime="20220714 10:41:08.585" endtime="20220714 10:41:08.586"/>